[debug] [2022-06-05T18:03:45.244Z] ----------------------------------------------------------------------
[debug] [2022-06-05T18:03:45.246Z] Command:       E:\Program Files\nodejs\node.exe C:\Users\tobyg\AppData\Roaming\npm\node_modules\firebase-tools\lib\bin\firebase.js use --add
[debug] [2022-06-05T18:03:45.247Z] CLI Version:   9.13.1
[debug] [2022-06-05T18:03:45.247Z] Platform:      win32
[debug] [2022-06-05T18:03:45.247Z] Node Version:  v14.17.0
[debug] [2022-06-05T18:03:45.249Z] Time:          Sun Jun 05 2022 19:03:45 GMT+0100 (British Summer Time)
[debug] [2022-06-05T18:03:45.249Z] ----------------------------------------------------------------------
[debug] 
[debug] [2022-06-05T18:03:45.252Z] >>> [apiv2][query] GET https://firebase-public.firebaseio.com/cli.json [none]
[debug] [2022-06-05T18:03:45.276Z] > command requires scopes: ["email","openid","https://www.googleapis.com/auth/cloudplatformprojects.readonly","https://www.googleapis.com/auth/firebase","https://www.googleapis.com/auth/cloud-platform"]
[debug] [2022-06-05T18:03:45.277Z] > authorizing via signed-in user (tobytheghost@hotmail.com)
[debug] [2022-06-05T18:03:45.281Z] > refreshing access token with scopes: []
[debug] [2022-06-05T18:03:45.282Z] >>> HTTP REQUEST POST https://www.googleapis.com/oauth2/v3/token  
 <request body omitted>
[debug] [2022-06-05T18:03:45.401Z] <<< HTTP RESPONSE 400 {"date":"Sun, 05 Jun 2022 18:03:45 GMT","expires":"Mon, 01 Jan 1990 00:00:00 GMT","pragma":"no-cache","cache-control":"no-cache, no-store, max-age=0, must-revalidate","content-type":"application/json; charset=utf-8","vary":"X-Origin, Referer, Origin,Accept-Encoding","server":"scaffolding on HTTPServer2","x-xss-protection":"0","x-frame-options":"SAMEORIGIN","x-content-type-options":"nosniff","alt-svc":"h3=\":443\"; ma=2592000,h3-29=\":443\"; ma=2592000,h3-Q050=\":443\"; ma=2592000,h3-Q046=\":443\"; ma=2592000,h3-Q043=\":443\"; ma=2592000,quic=\":443\"; ma=2592000; v=\"46,43\"","accept-ranges":"none","transfer-encoding":"chunked"}
[debug] [2022-06-05T18:03:45.404Z] >>> [apiv2][query] GET https://firebase.googleapis.com/v1beta1/projects pageSize=1000
[debug] [2022-06-05T18:03:45.530Z] <<< [apiv2][status] GET https://firebase.googleapis.com/v1beta1/projects 401
[debug] [2022-06-05T18:03:45.530Z] <<< [apiv2][body] GET https://firebase.googleapis.com/v1beta1/projects [omitted]
[debug] [2022-06-05T18:03:45.531Z] HTTP Error: 401, Request had invalid authentication credentials. Expected OAuth 2 access token, login cookie or other valid authentication credential. See https://developers.google.com/identity/sign-in/web/devconsole-project.
[debug] [2022-06-05T18:03:45.630Z] FirebaseError: HTTP Error: 401, Request had invalid authentication credentials. Expected OAuth 2 access token, login cookie or other valid authentication credential. See https://developers.google.com/identity/sign-in/web/devconsole-project.
    at module.exports (C:\Users\tobyg\AppData\Roaming\npm\node_modules\firebase-tools\lib\responseToError.js:38:12)
    at Client.doRequest (C:\Users\tobyg\AppData\Roaming\npm\node_modules\firebase-tools\lib\apiv2.js:238:23)
    at processTicksAndRejections (internal/process/task_queues.js:95:5)
    at async Client.request (C:\Users\tobyg\AppData\Roaming\npm\node_modules\firebase-tools\lib\apiv2.js:96:20)
    at async getProjectPage (C:\Users\tobyg\AppData\Roaming\npm\node_modules\firebase-tools\lib\management\projects.js:233:17)
    at async getFirebaseProjectPage (C:\Users\tobyg\AppData\Roaming\npm\node_modules\firebase-tools\lib\management\projects.js:250:23)
    at async listFirebaseProjects (C:\Users\tobyg\AppData\Roaming\npm\node_modules\firebase-tools\lib\management\projects.js:281:29)
[error] 
[error] Error: Failed to list Firebase projects. See firebase-debug.log for more info.
[debug] [2022-06-05T18:03:45.809Z] <<< [apiv2][status] GET https://firebase-public.firebaseio.com/cli.json 200
[debug] [2022-06-05T18:03:45.809Z] <<< [apiv2][body] GET https://firebase-public.firebaseio.com/cli.json {"cloudBuildErrorAfter":1594252800000,"cloudBuildWarnAfter":1590019200000,"defaultNode10After":1594252800000,"minVersion":"3.0.5","node8DeploysDisabledAfter":1613390400000,"node8RuntimeDisabledAfter":1615809600000,"node8WarnAfter":1600128000000}
